<?xml version="1.0" encoding="UTF-8"?>
<!-- Generated by org.testng.reporters.JUnitReportReporter -->
<testsuite hostname="SwarajPatil" failures="0" tests="1" name="com.Testcases.TC_SeekBar_005" time="13.660" errors="1" timestamp="2025-07-10T17:08:38 IST" skipped="0">
  <testcase classname="com.Testcases.TC_SeekBar_005" name="Seekoperation" time="13.660">
    <error message="The requested resource could not be found, or a request was received using an HTTP method that is not supported by the mapped resource
Build info: version: &#039;4.31.0&#039;, revision: &#039;1ef9f18787*&#039;
System info: os.name: &#039;Windows 11&#039;, os.arch: &#039;amd64&#039;, os.version: &#039;10.0&#039;, java.version: &#039;17.0.13&#039;
Driver info: io.appium.java_client.android.AndroidDriver
Command: [0ac8b10b-b049-4b06-aed2-a445b85d1477, performTouchAction {actions=[{options={x=0, y=315}, action=press}, {options={ms=500}, action=wait}, {options={x=648, y=315}, action=moveTo}, {options={}, action=release}]}]
Capabilities {appium:appActivity: io.appium.android.apis.ApiD..., appium:appPackage: io.appium.android.apis, appium:automationName: UiAutomator2, appium:databaseEnabled: false, appium:desired: {appActivity: io.appium.android.apis.ApiD..., appPackage: io.appium.android.apis, automationName: UiAutomator2, deviceName: MyVirtualPhone, platformName: ANDROID, platformVersion: 15}, appium:deviceApiLevel: 35, appium:deviceManufacturer: realme, appium:deviceModel: RMX3686, appium:deviceName: 7DPJJFVKOJT4JVQG, appium:deviceScreenDensity: 480, appium:deviceScreenSize: 1080x2412, appium:deviceUDID: 7DPJJFVKOJT4JVQG, appium:javascriptEnabled: true, appium:locationContextEnabled: false, appium:networkConnectionEnabled: true, appium:pixelRatio: 3, appium:platformVersion: 15, appium:statBarHeight: 120, appium:takesScreenshot: true, appium:viewportRect: {height: 2292, left: 0, top: 120, width: 1080}, appium:warnings: {}, appium:webStorageEnabled: false, platformName: ANDROID}
Session ID: 0ac8b10b-b049-4b06-aed2-a445b85d1477" type="org.openqa.selenium.UnsupportedCommandException">
      <![CDATA[org.openqa.selenium.UnsupportedCommandException: The requested resource could not be found, or a request was received using an HTTP method that is not supported by the mapped resource
Build info: version: '4.31.0', revision: '1ef9f18787*'
System info: os.name: 'Windows 11', os.arch: 'amd64', os.version: '10.0', java.version: '17.0.13'
Driver info: io.appium.java_client.android.AndroidDriver
Command: [0ac8b10b-b049-4b06-aed2-a445b85d1477, performTouchAction {actions=[{options={x=0, y=315}, action=press}, {options={ms=500}, action=wait}, {options={x=648, y=315}, action=moveTo}, {options={}, action=release}]}]
Capabilities {appium:appActivity: io.appium.android.apis.ApiD..., appium:appPackage: io.appium.android.apis, appium:automationName: UiAutomator2, appium:databaseEnabled: false, appium:desired: {appActivity: io.appium.android.apis.ApiD..., appPackage: io.appium.android.apis, automationName: UiAutomator2, deviceName: MyVirtualPhone, platformName: ANDROID, platformVersion: 15}, appium:deviceApiLevel: 35, appium:deviceManufacturer: realme, appium:deviceModel: RMX3686, appium:deviceName: 7DPJJFVKOJT4JVQG, appium:deviceScreenDensity: 480, appium:deviceScreenSize: 1080x2412, appium:deviceUDID: 7DPJJFVKOJT4JVQG, appium:javascriptEnabled: true, appium:locationContextEnabled: false, appium:networkConnectionEnabled: true, appium:pixelRatio: 3, appium:platformVersion: 15, appium:statBarHeight: 120, appium:takesScreenshot: true, appium:viewportRect: {height: 2292, left: 0, top: 120, width: 1080}, appium:warnings: {}, appium:webStorageEnabled: false, platformName: ANDROID}
Session ID: 0ac8b10b-b049-4b06-aed2-a445b85d1477
at java.base/jdk.internal.reflect.NativeConstructorAccessorImpl.newInstance0(Native Method)
at java.base/jdk.internal.reflect.NativeConstructorAccessorImpl.newInstance(NativeConstructorAccessorImpl.java:77)
at java.base/jdk.internal.reflect.DelegatingConstructorAccessorImpl.newInstance(DelegatingConstructorAccessorImpl.java:45)
at java.base/java.lang.reflect.Constructor.newInstanceWithCaller(Constructor.java:500)
at java.base/java.lang.reflect.Constructor.newInstance(Constructor.java:481)
at org.openqa.selenium.remote.ErrorCodec.decode(ErrorCodec.java:167)
at org.openqa.selenium.remote.codec.w3c.W3CHttpResponseCodec.decode(W3CHttpResponseCodec.java:138)
at org.openqa.selenium.remote.codec.w3c.W3CHttpResponseCodec.decode(W3CHttpResponseCodec.java:50)
at org.openqa.selenium.remote.HttpCommandExecutor.execute(HttpCommandExecutor.java:215)
at io.appium.java_client.remote.AppiumCommandExecutor.execute(AppiumCommandExecutor.java:243)
at org.openqa.selenium.remote.RemoteWebDriver.execute(RemoteWebDriver.java:545)
at org.openqa.selenium.remote.RemoteWebDriver.execute(RemoteWebDriver.java:618)
at io.appium.java_client.AppiumDriver.execute(AppiumDriver.java:230)
at io.appium.java_client.PerformsTouchActions.performTouchAction(PerformsTouchActions.java:54)
at io.appium.java_client.TouchAction.perform(TouchAction.java:187)
at com.pages.seekbarPage.seekbar(seekbarPage.java:44)
at com.Testcases.TC_SeekBar_005.Seekoperation(TC_SeekBar_005.java:21)
at java.base/jdk.internal.reflect.NativeMethodAccessorImpl.invoke0(Native Method)
at java.base/jdk.internal.reflect.NativeMethodAccessorImpl.invoke(NativeMethodAccessorImpl.java:77)
at java.base/jdk.internal.reflect.DelegatingMethodAccessorImpl.invoke(DelegatingMethodAccessorImpl.java:43)
at java.base/java.lang.reflect.Method.invoke(Method.java:569)
at org.testng.internal.MethodInvocationHelper.invokeMethod(MethodInvocationHelper.java:133)
at org.testng.internal.TestInvoker.invokeMethod(TestInvoker.java:598)
at org.testng.internal.TestInvoker.invokeTestMethod(TestInvoker.java:173)
at org.testng.internal.MethodRunner.runInSequence(MethodRunner.java:46)
at org.testng.internal.TestInvoker$MethodInvocationAgent.invoke(TestInvoker.java:824)
at org.testng.internal.TestInvoker.invokeTestMethods(TestInvoker.java:146)
at org.testng.internal.TestMethodWorker.invokeTestMethods(TestMethodWorker.java:146)
at org.testng.internal.TestMethodWorker.run(TestMethodWorker.java:128)
at java.base/java.util.ArrayList.forEach(ArrayList.java:1511)
at org.testng.TestRunner.privateRun(TestRunner.java:794)
at org.testng.TestRunner.run(TestRunner.java:596)
at org.testng.SuiteRunner.runTest(SuiteRunner.java:377)
at org.testng.SuiteRunner.runSequentially(SuiteRunner.java:371)
at org.testng.SuiteRunner.privateRun(SuiteRunner.java:332)
at org.testng.SuiteRunner.run(SuiteRunner.java:276)
at org.testng.SuiteRunnerWorker.runSuite(SuiteRunnerWorker.java:53)
at org.testng.SuiteRunnerWorker.run(SuiteRunnerWorker.java:96)
at org.testng.TestNG.runSuitesSequentially(TestNG.java:1212)
at org.testng.TestNG.runSuitesLocally(TestNG.java:1134)
at org.testng.TestNG.runSuites(TestNG.java:1063)
at org.testng.TestNG.run(TestNG.java:1031)
at org.testng.remote.AbstractRemoteTestNG.run(AbstractRemoteTestNG.java:115)
at org.testng.remote.RemoteTestNG.initAndRun(RemoteTestNG.java:293)
at org.testng.remote.RemoteTestNG.main(RemoteTestNG.java:91)
]]>
    </error>
  </testcase> <!-- Seekoperation -->
  <system-out/>
</testsuite> <!-- com.Testcases.TC_SeekBar_005 -->
