<?xml version="1.0" encoding="UTF-8"?>
<!-- Generated by org.testng.reporters.JUnitReportReporter -->
<testsuite hostname="SwarajPatil" failures="0" tests="1" name="com.Testcases.TC_Animation_Reversing" time="6.855" errors="0" timestamp="2025-07-10T11:41:08 IST" skipped="0">
  <testcase classname="com.Testcases.TC_Animation_Reversing" name="reversing" time="6.855"/>
  <system-out/>
</testsuite> <!-- com.Testcases.TC_Animation_Reversing -->
